# JRE version: OpenJDK Runtime Environment Microsoft-8035246 (17.0.8+7) (build 17.0.8+7-LTS)
# Java VM: OpenJDK 64-Bit Server VM Microsoft-8035246 (17.0.8+7-LTS, mixed mode, sharing, tiered, compressed oops, compressed class ptrs, g1 gc, windows-amd64)
GC Precious Log:
 CPUs: 4 total, 4 available
 Memory: 8052M
 Large Page Support: Disabled
 NUMA Support: Disabled
 Compressed Oops: Enabled (32-bit)
 Heap Region Size: 1M
 Heap Min Capacity: 8M
 Heap Initial Capacity: 126M
 Heap Max Capacity: 2G
 Pre-touch: Disabled
 Parallel Workers: 4
 Concurrent Workers: 1
 Concurrent Refinement Workers: 4
 Periodic GC: Disabled
Heap:
 garbage-first heap   total 301056K, used 241970K [0x0000000080000000, 0x0000000100000000)
  region size 1024K, 86 young (88064K), 2 survivors (2048K)
 Metaspace       used 106264K, committed 107200K, reserved 557056K
  class space    used 14605K, committed 15040K, reserved 425984K
GC Heap History (20 events):
Event: 27.078 GC heap before
{Heap before GC invocations=30 (full 0):
 garbage-first heap   total 150528K, used 90226K [0x0000000080000000, 0x0000000100000000)
  region size 1024K, 7 young (7168K), 3 survivors (3072K)
 Metaspace       used 77011K, committed 77760K, reserved 557056K
  class space    used 10640K, committed 10944K, reserved 425984K
}
Event: 27.084 GC heap after
{Heap after GC invocations=31 (full 0):
 garbage-first heap   total 150528K, used 88027K [0x0000000080000000, 0x0000000100000000)
  region size 1024K, 1 young (1024K), 1 survivors (1024K)
 Metaspace       used 77011K, committed 77760K, reserved 557056K
  class space    used 10640K, committed 10944K, reserved 425984K
}
Event: 27.134 GC heap before
{Heap before GC invocations=31 (full 0):
 garbage-first heap   total 150528K, used 92123K [0x0000000080000000, 0x0000000100000000)
  region size 1024K, 6 young (6144K), 1 survivors (1024K)
 Metaspace       used 77020K, committed 77760K, reserved 557056K
  class space    used 10641K, committed 10944K, reserved 425984K
}
Event: 27.140 GC heap after
{Heap after GC invocations=32 (full 0):
 garbage-first heap   total 301056K, used 89422K [0x0000000080000000, 0x0000000100000000)
  region size 1024K, 3 young (3072K), 3 survivors (3072K)
 Metaspace       used 77020K, committed 77760K, reserved 557056K
  class space    used 10641K, committed 10944K, reserved 425984K
}
Event: 28.604 GC heap before
{Heap before GC invocations=32 (full 0):
 garbage-first heap   total 301056K, used 181582K [0x0000000080000000, 0x0000000100000000)
  region size 1024K, 92 young (94208K), 3 survivors (3072K)
 Metaspace       used 83171K, committed 83840K, reserved 557056K
  class space    used 11468K, committed 11776K, reserved 425984K
}
Event: 28.614 GC heap after
{Heap after GC invocations=33 (full 0):
 garbage-first heap   total 301056K, used 94171K [0x0000000080000000, 0x0000000100000000)
  region size 1024K, 6 young (6144K), 6 survivors (6144K)
 Metaspace       used 83171K, committed 83840K, reserved 557056K
  class space    used 11468K, committed 11776K, reserved 425984K
}
Event: 33.597 GC heap before
{Heap before GC invocations=33 (full 0):
 garbage-first heap   total 301056K, used 197595K [0x0000000080000000, 0x0000000100000000)
  region size 1024K, 106 young (108544K), 6 survivors (6144K)
 Metaspace       used 87163K, committed 87936K, reserved 557056K
  class space    used 12007K, committed 12352K, reserved 425984K
}
Event: 33.616 GC heap after
{Heap after GC invocations=34 (full 0):
 garbage-first heap   total 301056K, used 99966K [0x0000000080000000, 0x0000000100000000)
  region size 1024K, 12 young (12288K), 12 survivors (12288K)
 Metaspace       used 87163K, committed 87936K, reserved 557056K
  class space    used 12007K, committed 12352K, reserved 425984K
}
Event: 36.075 GC heap before
{Heap before GC invocations=34 (full 0):
 garbage-first heap   total 301056K, used 212606K [0x0000000080000000, 0x0000000100000000)
  region size 1024K, 118 young (120832K), 12 survivors (12288K)
 Metaspace       used 92857K, committed 93696K, reserved 557056K
  class space    used 12931K, committed 13312K, reserved 425984K
}
Event: 36.150 GC heap after
{Heap after GC invocations=35 (full 0):
 garbage-first heap   total 301056K, used 114683K [0x0000000080000000, 0x0000000100000000)
  region size 1024K, 15 young (15360K), 15 survivors (15360K)
 Metaspace       used 92857K, committed 93696K, reserved 557056K
  class space    used 12931K, committed 13312K, reserved 425984K
}
Event: 38.247 GC heap before
{Heap before GC invocations=35 (full 0):
 garbage-first heap   total 301056K, used 220155K [0x0000000080000000, 0x0000000100000000)
  region size 1024K, 118 young (120832K), 15 survivors (15360K)
 Metaspace       used 97365K, committed 98240K, reserved 557056K
  class space    used 13597K, committed 14016K, reserved 425984K
}
Event: 38.279 GC heap after
{Heap after GC invocations=36 (full 0):
 garbage-first heap   total 301056K, used 130447K [0x0000000080000000, 0x0000000100000000)
  region size 1024K, 15 young (15360K), 15 survivors (15360K)
 Metaspace       used 97365K, committed 98240K, reserved 557056K
  class space    used 13597K, committed 14016K, reserved 425984K
}
Event: 39.952 GC heap before
{Heap before GC invocations=36 (full 0):
 garbage-first heap   total 301056K, used 223631K [0x0000000080000000, 0x0000000100000000)
  region size 1024K, 106 young (108544K), 15 survivors (15360K)
 Metaspace       used 102632K, committed 103616K, reserved 557056K
  class space    used 14257K, committed 14720K, reserved 425984K
}
Event: 39.978 GC heap after
{Heap after GC invocations=37 (full 0):
 garbage-first heap   total 301056K, used 139264K [0x0000000080000000, 0x0000000100000000)
  region size 1024K, 9 young (9216K), 9 survivors (9216K)
 Metaspace       used 102632K, committed 103616K, reserved 557056K
  class space    used 14257K, committed 14720K, reserved 425984K
}
Event: 40.731 GC heap before
{Heap before GC invocations=37 (full 0):
 garbage-first heap   total 301056K, used 190464K [0x0000000080000000, 0x0000000100000000)
  region size 1024K, 57 young (58368K), 9 survivors (9216K)
 Metaspace       used 103991K, committed 104896K, reserved 557056K
  class space    used 14372K, committed 14784K, reserved 425984K
}
Event: 40.762 GC heap after
{Heap after GC invocations=38 (full 0):
 garbage-first heap   total 301056K, used 149938K [0x0000000080000000, 0x0000000100000000)
  region size 1024K, 7 young (7168K), 7 survivors (7168K)
 Metaspace       used 103991K, committed 104896K, reserved 557056K
  class space    used 14372K, committed 14784K, reserved 425984K
}
Event: 42.617 GC heap before
{Heap before GC invocations=39 (full 0):
 garbage-first heap   total 301056K, used 230834K [0x0000000080000000, 0x0000000100000000)
  region size 1024K, 90 young (92160K), 7 survivors (7168K)
 Metaspace       used 106021K, committed 106944K, reserved 557056K
  class space    used 14602K, committed 15040K, reserved 425984K
}
Event: 42.635 GC heap after
{Heap after GC invocations=40 (full 0):
 garbage-first heap   total 301056K, used 148216K [0x0000000080000000, 0x0000000100000000)
  region size 1024K, 7 young (7168K), 7 survivors (7168K)
 Metaspace       used 106021K, committed 106944K, reserved 557056K
  class space    used 14602K, committed 15040K, reserved 425984K
}
Event: 42.782 GC heap before
{Heap before GC invocations=40 (full 0):
 garbage-first heap   total 301056K, used 154360K [0x0000000080000000, 0x0000000100000000)
  region size 1024K, 14 young (14336K), 7 survivors (7168K)
 Metaspace       used 106021K, committed 106944K, reserved 557056K
  class space    used 14602K, committed 15040K, reserved 425984K
}
Event: 42.794 GC heap after
{Heap after GC invocations=41 (full 0):
 garbage-first heap   total 301056K, used 148786K [0x0000000080000000, 0x0000000100000000)
  region size 1024K, 2 young (2048K), 2 survivors (2048K)
 Metaspace       used 106021K, committed 106944K, reserved 557056K
  class space    used 14602K, committed 15040K, reserved 425984K
}

